<?xml version="1.0" encoding="UTF-8"?>
<testng-results skipped="0" failed="0" ignored="0" total="5" passed="5">
  <reporter-output>
  </reporter-output>
  <suite name="Default suite" duration-ms="9837" started-at="2018-07-03T04:25:32Z" finished-at="2018-07-03T04:25:42Z">
    <groups>
    </groups>
    <test name="Default test" duration-ms="9837" started-at="2018-07-03T04:25:32Z" finished-at="2018-07-03T04:25:42Z">
      <class name="com.cybertek.sortTest">
        <test-method status="PASS" signature="setUp()[pri:0, instance:com.cybertek.sortTest@7d9d1a19]" name="setUp" is-config="true" duration-ms="5215" started-at="2018-07-03T04:25:32Z" finished-at="2018-07-03T04:25:38Z">
          <reporter-output>
          </reporter-output>
        </test-method> <!-- setUp -->
        <test-method status="PASS" signature="checkRankTC1()[pri:0, instance:com.cybertek.sortTest@7d9d1a19]" name="checkRankTC1" duration-ms="792" started-at="2018-07-03T04:25:38Z" finished-at="2018-07-03T04:25:38Z">
          <reporter-output>
          </reporter-output>
        </test-method> <!-- checkRankTC1 -->
        <test-method status="PASS" signature="theMostTC2()[pri:2, instance:com.cybertek.sortTest@7d9d1a19]" name="theMostTC2" duration-ms="2037" started-at="2018-07-03T04:25:38Z" finished-at="2018-07-03T04:25:41Z">
          <reporter-output>
          </reporter-output>
        </test-method> <!-- theMostTC2 -->
        <test-method status="PASS" signature="countryByMedalTC3()[pri:3, instance:com.cybertek.sortTest@7d9d1a19]" name="countryByMedalTC3" duration-ms="581" started-at="2018-07-03T04:25:41Z" finished-at="2018-07-03T04:25:41Z">
          <reporter-output>
          </reporter-output>
        </test-method> <!-- countryByMedalTC3 -->
        <test-method status="PASS" signature="getIndex()[pri:4, instance:com.cybertek.sortTest@7d9d1a19]" name="getIndex" duration-ms="391" started-at="2018-07-03T04:25:41Z" finished-at="2018-07-03T04:25:41Z">
          <reporter-output>
          </reporter-output>
        </test-method> <!-- getIndex -->
        <test-method status="PASS" signature="getSumTC5()[pri:5, instance:com.cybertek.sortTest@7d9d1a19]" name="getSumTC5" duration-ms="780" started-at="2018-07-03T04:25:41Z" finished-at="2018-07-03T04:25:42Z">
          <reporter-output>
          </reporter-output>
        </test-method> <!-- getSumTC5 -->
      </class> <!-- com.cybertek.sortTest -->
    </test> <!-- Default test -->
  </suite> <!-- Default suite -->
</testng-results>
